<?xml version="1.0" encoding="UTF-8"?>
<robot generator="Robot 7.2.2 (Python 3.12.3 on win32)" generated="2025-03-13T22:07:54.687515" rpa="false" schemaversion="5">
<suite id="s1" name="Enrolls" source="c:\Users\Jean\robot-qax\projects\smartbit-robot\tests\enrolls.robot">
<test id="s1-t1" name="Deve poder realizar uma nova adesao" line="16">
<kw name="Start session" owner="base" type="SETUP">
<kw name="New Browser" owner="Browser">
<msg time="2025-03-13T22:07:55.529009" level="INFO">{"browser": "chromium", "headless": false, "chromiumSandbox": false, "devtools": false, "handleSIGHUP": true, "handleSIGINT": true, "handleSIGTERM": true, "slowMo": 0.0, "timeout": 30000.0, "tracesDir": "C:\\Users\\Jean\\robot-qax\\projects\\smartbit-robot\\browser\\traces\\temp\\a7ea2c24-3852-46db-b179-e2e7d39c889f"}</msg>
<msg time="2025-03-13T22:07:55.578980" level="INFO">Starting Browser process C:\Users\Jean\AppData\Local\Programs\Python\Python312\Lib\site-packages\Browser\wrapper\index.js using port 65168</msg>
<msg time="2025-03-13T22:07:55.579979" level="INFO">Node startup parameters: ['node', 'C:\\Users\\Jean\\AppData\\Local\\Programs\\Python\\Python312\\Lib\\site-packages\\Browser\\wrapper\\index.js', '65168']</msg>
<msg time="2025-03-13T22:07:58.568720" level="INFO">Successfully created browser with options: {"browser":"chromium","headless":false,"chromiumSandbox":false,"devtools":false,"handleSIGHUP":true,"handleSIGINT":true,"handleSIGTERM":true,"slowMo":0,"timeout":30000,"tracesDir":"C:\\Users\\Jean\\robot-qax\\projects\\smartbit-robot\\browser\\traces\\temp\\a7ea2c24-3852-46db-b179-e2e7d39c889f"}</msg>
<arg>browser=chromium</arg>
<arg>headless=False</arg>
<tag>BrowserControl</tag>
<tag>Setter</tag>
<doc>Create a new playwright Browser with specified options.</doc>
<status status="PASS" start="2025-03-13T22:07:55.528009" elapsed="3.040711"/>
</kw>
<kw name="New Page" owner="Browser">
<msg time="2025-03-13T22:08:00.416317" level="INFO">Successfully initialized new page object and opened url: http://localhost:3000</msg>
<msg time="2025-03-13T22:08:00.416317" level="INFO">No context was open. New context was automatically opened when this page is created.</msg>
<arg>http://localhost:3000</arg>
<tag>BrowserControl</tag>
<tag>Setter</tag>
<doc>Open a new Page.</doc>
<status status="PASS" start="2025-03-13T22:07:58.568720" elapsed="1.847597"/>
</kw>
<status status="PASS" start="2025-03-13T22:07:55.526019" elapsed="4.891309"/>
</kw>
<kw name="Go to login page" owner="Login">
<kw name="Go To" owner="Browser">
<msg time="2025-03-13T22:08:00.624191" level="INFO">Successfully opened URL http://localhost:3000/login</msg>
<arg>http://localhost:3000/login</arg>
<tag>BrowserControl</tag>
<tag>Setter</tag>
<doc>Navigates to the given ``url``.</doc>
<status status="PASS" start="2025-03-13T22:08:00.422308" elapsed="0.202883"/>
</kw>
<status status="PASS" start="2025-03-13T22:08:00.422308" elapsed="0.203883"/>
</kw>
<kw name="Submit login form" owner="Login">
<kw name="Fill Text" owner="Browser">
<msg time="2025-03-13T22:08:00.634187" level="INFO">Fills the text 'sac@smartbit.com' in the given field.</msg>
<arg>css=input[name=email]</arg>
<arg>${email}</arg>
<tag>PageContent</tag>
<tag>Setter</tag>
<doc>Clears and fills the given ``txt`` into the text field found by ``selector``.</doc>
<status status="PASS" start="2025-03-13T22:08:00.633187" elapsed="0.051970"/>
</kw>
<kw name="Fill Text" owner="Browser">
<msg time="2025-03-13T22:08:00.686155" level="INFO">Fills the text 'pwd123' in the given field.</msg>
<arg>css=input[name=password]</arg>
<arg>${password}</arg>
<tag>PageContent</tag>
<tag>Setter</tag>
<doc>Clears and fills the given ``txt`` into the text field found by ``selector``.</doc>
<status status="PASS" start="2025-03-13T22:08:00.686155" elapsed="0.019989"/>
</kw>
<kw name="Click" owner="Browser">
<msg time="2025-03-13T22:08:00.707143" level="INFO">Clicks the element 'css=button &gt;&gt; text=Entrar'.</msg>
<arg>css=button &gt;&gt; text=Entrar</arg>
<tag>PageContent</tag>
<tag>Setter</tag>
<doc>Simulates mouse click on the element found by ``selector``.</doc>
<status status="PASS" start="2025-03-13T22:08:00.706144" elapsed="0.054969"/>
</kw>
<arg>sac@smartbit.com</arg>
<arg>pwd123</arg>
<status status="PASS" start="2025-03-13T22:08:00.632187" elapsed="0.129926"/>
</kw>
<kw name="User is logged in" owner="Account">
<kw name="Set Variable" owner="BuiltIn">
<msg time="2025-03-13T22:08:00.767113" level="INFO">${element} = css=.logged-user</msg>
<var>${element}</var>
<arg>css=.logged-user</arg>
<doc>Returns the given values which can then be assigned to a variables.</doc>
<status status="PASS" start="2025-03-13T22:08:00.767113" elapsed="0.000995"/>
</kw>
<kw name="Wait For Elements State" owner="Browser">
<msg time="2025-03-13T22:08:04.813974" level="INFO">Waited for Element with selector css=.logged-user at state visible</msg>
<arg>${element}</arg>
<arg>visible</arg>
<arg>5</arg>
<tag>PageContent</tag>
<tag>Wait</tag>
<doc>Waits for the element found by ``selector`` to satisfy state option.</doc>
<status status="PASS" start="2025-03-13T22:08:00.768108" elapsed="4.046880"/>
</kw>
<kw name="Get Text" owner="Browser">
<msg time="2025-03-13T22:08:04.845972" level="INFO">Text: 'sac@smartbit.com'</msg>
<arg>${element}</arg>
<arg>equal</arg>
<arg>${email}</arg>
<tag>Assertion</tag>
<tag>Getter</tag>
<tag>PageContent</tag>
<doc>Returns text attribute of the element found by ``selector``.</doc>
<status status="PASS" start="2025-03-13T22:08:04.814988" elapsed="0.030984"/>
</kw>
<arg>sac@smartbit.com</arg>
<status status="PASS" start="2025-03-13T22:08:00.766109" elapsed="4.079863"/>
</kw>
<kw name="Go to Erolls">
<kw name="Click" owner="Browser">
<msg time="2025-03-13T22:08:04.848954" level="INFO">Clicks the element 'css=a[href="/memberships"]'.</msg>
<arg>css=a[href="/memberships"]</arg>
<tag>PageContent</tag>
<tag>Setter</tag>
<doc>Simulates mouse click on the element found by ``selector``.</doc>
<status status="PASS" start="2025-03-13T22:08:04.847955" elapsed="0.054968"/>
</kw>
<kw name="Wait For Elements State" owner="Browser">
<msg time="2025-03-13T22:08:04.912918" level="INFO">Waited for Element with selector css=h1 &gt;&gt; text=Matrículas at state visible</msg>
<arg>css=h1 &gt;&gt; text=Matrículas</arg>
<arg>visible</arg>
<arg>5</arg>
<tag>PageContent</tag>
<tag>Wait</tag>
<doc>Waits for the element found by ``selector`` to satisfy state option.</doc>
<status status="PASS" start="2025-03-13T22:08:04.902923" elapsed="0.010994"/>
</kw>
<status status="PASS" start="2025-03-13T22:08:04.846955" elapsed="0.066962"/>
</kw>
<kw name="Take Screenshot" owner="Browser" type="TEARDOWN">
<msg time="2025-03-13T22:08:05.050837" level="INFO" html="true">&lt;/td&gt;&lt;/tr&gt;&lt;tr&gt;&lt;td colspan="3"&gt;&lt;a href="browser/screenshot/robotframework-browser-screenshot-1.png" target="_blank"&gt;&lt;img src="browser/screenshot/robotframework-browser-screenshot-1.png" width="800px"/&gt;&lt;/a&gt;</msg>
<tag>PageContent</tag>
<doc>Takes a screenshot of the current window or element and saves it to disk.</doc>
<status status="PASS" start="2025-03-13T22:08:04.916914" elapsed="0.133923"/>
</kw>
<msg time="2025-03-13T22:08:05.055835" level="INFO">Set timeout to: 10000</msg>
<msg time="2025-03-13T22:08:05.071825" level="INFO">Switching context to context=fc0da3a0-3961-41f6-ad64-d38ecec92f9a in CURRENT</msg>
<msg time="2025-03-13T22:08:05.082819" level="INFO">Successfully changed active context: context=fc0da3a0-3961-41f6-ad64-d38ecec92f9a</msg>
<msg time="2025-03-13T22:08:05.158775" level="INFO">Successfully closed Context</msg>
<status status="PASS" start="2025-03-13T22:07:55.525011" elapsed="9.526826"/>
</test>
<status status="PASS" start="2025-03-13T22:07:54.693500" elapsed="10.490261"/>
</suite>
<statistics>
<total>
<stat pass="1" fail="0" skip="0">All Tests</stat>
</total>
<tag>
</tag>
<suite>
<stat name="Enrolls" id="s1" pass="1" fail="0" skip="0">Enrolls</stat>
</suite>
</statistics>
<errors>
</errors>
</robot>
