<?xml version="1.0" encoding="UTF-8"?>
<robot generator="Robot 7.2.2 (Python 3.12.3 on win32)" generated="2025-03-05T12:34:07.429623" rpa="false" schemaversion="5">
<suite id="s1" name="Signup" source="c:\Users\Jean\robot-qax\projects\smartbit-robot\tests\signup.robot">
<test id="s1-t1" name="Deve iniciar cadastro de clientes" line="16">
<kw name="Start session" owner="base" type="SETUP">
<kw name="New Browser" owner="Browser">
<msg time="2025-03-05T12:34:08.176733" level="INFO">{"browser": "chromium", "headless": false, "chromiumSandbox": false, "devtools": false, "handleSIGHUP": true, "handleSIGINT": true, "handleSIGTERM": true, "slowMo": 0.0, "timeout": 30000.0, "tracesDir": "C:\\Users\\Jean\\robot-qax\\projects\\smartbit-robot\\browser\\traces\\temp\\b08e2afe-3b8e-42d3-8726-45b9ac196614"}</msg>
<msg time="2025-03-05T12:34:08.215722" level="INFO">Starting Browser process C:\Users\Jean\AppData\Local\Programs\Python\Python312\Lib\site-packages\Browser\wrapper\index.js using port 55204</msg>
<msg time="2025-03-05T12:34:08.216709" level="INFO">Node startup parameters: ['node', 'C:\\Users\\Jean\\AppData\\Local\\Programs\\Python\\Python312\\Lib\\site-packages\\Browser\\wrapper\\index.js', '55204']</msg>
<msg time="2025-03-05T12:34:10.085062" level="INFO">Successfully created browser with options: {"browser":"chromium","headless":false,"chromiumSandbox":false,"devtools":false,"handleSIGHUP":true,"handleSIGINT":true,"handleSIGTERM":true,"slowMo":0,"timeout":30000,"tracesDir":"C:\\Users\\Jean\\robot-qax\\projects\\smartbit-robot\\browser\\traces\\temp\\b08e2afe-3b8e-42d3-8726-45b9ac196614"}</msg>
<arg>browser=chromium</arg>
<arg>headless=False</arg>
<tag>BrowserControl</tag>
<tag>Setter</tag>
<doc>Create a new playwright Browser with specified options.</doc>
<status status="PASS" start="2025-03-05T12:34:08.175732" elapsed="1.910329"/>
</kw>
<kw name="New Page" owner="Browser">
<msg time="2025-03-05T12:34:11.839085" level="INFO">Successfully initialized new page object and opened url: http://localhost:3000</msg>
<msg time="2025-03-05T12:34:11.839085" level="INFO">No context was open. New context was automatically opened when this page is created.</msg>
<arg>http://localhost:3000</arg>
<tag>BrowserControl</tag>
<tag>Setter</tag>
<doc>Open a new Page.</doc>
<status status="PASS" start="2025-03-05T12:34:10.086061" elapsed="1.753024"/>
</kw>
<status status="PASS" start="2025-03-05T12:34:08.173734" elapsed="3.665351"/>
</kw>
<kw name="Get Fake Account" owner="Account">
<msg time="2025-03-05T12:34:11.841066" level="INFO">${account} = {'name': 'Vitor Gabriel das Neves', 'email': 'lleao@example.org', 'document': '062.893.745-83'}</msg>
<var>${account}</var>
<status status="PASS" start="2025-03-05T12:34:11.840084" elapsed="0.000982"/>
</kw>
<kw name="Get Text" owner="Browser">
<msg time="2025-03-05T12:34:11.912025" level="INFO">Text: 'Faça seu cadastro e venha para a Smartbit!'</msg>
<arg>css=#signup h2</arg>
<arg>equal</arg>
<arg>Faça seu cadastro e venha para a Smartbit!</arg>
<tag>Assertion</tag>
<tag>Getter</tag>
<tag>PageContent</tag>
<doc>Returns text attribute of the element found by ``selector``.</doc>
<status status="PASS" start="2025-03-05T12:34:11.843066" elapsed="0.068959"/>
</kw>
<kw name="Fill Text" owner="Browser">
<msg time="2025-03-05T12:34:11.914025" level="INFO">Fills the text 'Vitor Gabriel das Neves' in the given field.</msg>
<arg>id=name</arg>
<arg>${account}[name]</arg>
<tag>PageContent</tag>
<tag>Setter</tag>
<doc>Clears and fills the given ``txt`` into the text field found by ``selector``.</doc>
<status status="PASS" start="2025-03-05T12:34:11.913025" elapsed="0.019989"/>
</kw>
<kw name="Fill Text" owner="Browser">
<msg time="2025-03-05T12:34:11.936013" level="INFO">Fills the text 'lleao@example.org' in the given field.</msg>
<arg>id=email</arg>
<arg>${account}[email]</arg>
<tag>PageContent</tag>
<tag>Setter</tag>
<doc>Clears and fills the given ``txt`` into the text field found by ``selector``.</doc>
<status status="PASS" start="2025-03-05T12:34:11.935012" elapsed="0.024986"/>
</kw>
<kw name="Fill Text" owner="Browser">
<msg time="2025-03-05T12:34:11.965995" level="INFO">Fills the text '062.893.745-83' in the given field.</msg>
<arg>id=document</arg>
<arg>${account}[document]</arg>
<tag>PageContent</tag>
<tag>Setter</tag>
<doc>Clears and fills the given ``txt`` into the text field found by ``selector``.</doc>
<status status="PASS" start="2025-03-05T12:34:11.964995" elapsed="0.017989"/>
</kw>
<kw name="Click" owner="Browser">
<msg time="2025-03-05T12:34:11.993978" level="INFO">Clicks the element 'css=button &gt;&gt; text=Cadastrar'.</msg>
<arg>css=button &gt;&gt; text=Cadastrar</arg>
<tag>PageContent</tag>
<tag>Setter</tag>
<doc>Simulates mouse click on the element found by ``selector``.</doc>
<status status="PASS" start="2025-03-05T12:34:11.992979" elapsed="0.115934"/>
</kw>
<kw name="Verify welcome message" owner="Welcome">
<kw name="Wait For Elements State" owner="Browser">
<msg time="2025-03-05T12:34:16.545115" level="INFO">Waited for Element with selector text=Falta pouco para fazer parte da família Smartbit! at state visible</msg>
<arg>text=Falta pouco para fazer parte da família Smartbit!</arg>
<arg>visible</arg>
<arg>5</arg>
<tag>PageContent</tag>
<tag>Wait</tag>
<doc>Waits for the element found by ``selector`` to satisfy state option.</doc>
<status status="PASS" start="2025-03-05T12:34:12.112910" elapsed="4.433223"/>
</kw>
<status status="PASS" start="2025-03-05T12:34:12.112910" elapsed="4.433223"/>
</kw>
<kw name="Sleep" owner="BuiltIn">
<msg time="2025-03-05T12:34:21.547835" level="INFO">Slept 5 seconds.</msg>
<arg>5</arg>
<doc>Pauses the test executed for the given time.</doc>
<status status="PASS" start="2025-03-05T12:34:16.546133" elapsed="5.002669"/>
</kw>
<kw name="Take Screenshot" owner="Browser" type="TEARDOWN">
<msg time="2025-03-05T12:34:21.699134" level="INFO" html="true">&lt;/td&gt;&lt;/tr&gt;&lt;tr&gt;&lt;td colspan="3"&gt;&lt;a href="browser/screenshot/robotframework-browser-screenshot-1.png" target="_blank"&gt;&lt;img src="browser/screenshot/robotframework-browser-screenshot-1.png" width="800px"/&gt;&lt;/a&gt;</msg>
<tag>PageContent</tag>
<doc>Takes a screenshot of the current window or element and saves it to disk.</doc>
<status status="PASS" start="2025-03-05T12:34:21.553801" elapsed="0.145333"/>
</kw>
<msg time="2025-03-05T12:34:21.706148" level="INFO">Set timeout to: 10000</msg>
<msg time="2025-03-05T12:34:21.724124" level="INFO">Switching context to context=5edd78d5-3b8b-457b-a276-a3cfdbc5e665 in CURRENT</msg>
<msg time="2025-03-05T12:34:21.735112" level="INFO">Successfully changed active context: context=5edd78d5-3b8b-457b-a276-a3cfdbc5e665</msg>
<msg time="2025-03-05T12:34:21.776089" level="INFO">Successfully closed Context</msg>
<status status="PASS" start="2025-03-05T12:34:08.169736" elapsed="13.532396"/>
</test>
<status status="PASS" start="2025-03-05T12:34:07.435610" elapsed="14.359468"/>
</suite>
<statistics>
<total>
<stat pass="1" fail="0" skip="0">All Tests</stat>
</total>
<tag>
</tag>
<suite>
<stat name="Signup" id="s1" pass="1" fail="0" skip="0">Signup</stat>
</suite>
</statistics>
<errors>
</errors>
</robot>
