<?xml version="1.0" encoding="UTF-8"?>
<robot generator="Robot 7.2.2 (Python 3.12.3 on win32)" generated="2025-03-13T21:56:15.478816" rpa="false" schemaversion="5">
<suite id="s1" name="Enrolls" source="C:\Users\Jean\robot-qax\projects\smartbit-robot\tests\enrolls.robot">
<test id="s1-t1" name="Deve poder realizar uma nova adesao" line="16">
<kw name="Start session" owner="base" type="SETUP">
<kw name="New Browser" owner="Browser">
<msg time="2025-03-13T21:56:16.320556" level="INFO">{"browser": "chromium", "headless": false, "chromiumSandbox": false, "devtools": false, "handleSIGHUP": true, "handleSIGINT": true, "handleSIGTERM": true, "slowMo": 0.0, "timeout": 30000.0, "tracesDir": "C:\\Users\\Jean\\robot-qax\\projects\\smartbit-robot\\logs\\browser\\traces\\temp\\a0038ebd-1cdb-4248-be63-1f174fe4a576"}</msg>
<msg time="2025-03-13T21:56:16.347552" level="INFO">Starting Browser process C:\Users\Jean\AppData\Local\Programs\Python\Python312\Lib\site-packages\Browser\wrapper\index.js using port 64734</msg>
<msg time="2025-03-13T21:56:16.347552" level="INFO">Node startup parameters: ['node', 'C:\\Users\\Jean\\AppData\\Local\\Programs\\Python\\Python312\\Lib\\site-packages\\Browser\\wrapper\\index.js', '64734']</msg>
<msg time="2025-03-13T21:56:19.340581" level="INFO">Successfully created browser with options: {"browser":"chromium","headless":false,"chromiumSandbox":false,"devtools":false,"handleSIGHUP":true,"handleSIGINT":true,"handleSIGTERM":true,"slowMo":0,"timeout":30000,"tracesDir":"C:\\Users\\Jean\\robot-qax\\projects\\smartbit-robot\\logs\\browser\\traces\\temp\\a0038ebd-1cdb-4248-be63-1f174fe4a576"}</msg>
<arg>browser=chromium</arg>
<arg>headless=False</arg>
<tag>BrowserControl</tag>
<tag>Setter</tag>
<doc>Create a new playwright Browser with specified options.</doc>
<status status="PASS" start="2025-03-13T21:56:16.319573" elapsed="3.021008"/>
</kw>
<kw name="New Page" owner="Browser">
<msg time="2025-03-13T21:56:21.191177" level="INFO">Successfully initialized new page object and opened url: http://localhost:3000</msg>
<msg time="2025-03-13T21:56:21.191177" level="INFO">No context was open. New context was automatically opened when this page is created.</msg>
<arg>http://localhost:3000</arg>
<tag>BrowserControl</tag>
<tag>Setter</tag>
<doc>Open a new Page.</doc>
<status status="PASS" start="2025-03-13T21:56:19.340581" elapsed="1.850596"/>
</kw>
<status status="PASS" start="2025-03-13T21:56:16.318574" elapsed="4.872603"/>
</kw>
<kw name="Go to login page" owner="Login">
<kw name="Go To" owner="Browser">
<msg time="2025-03-13T21:56:21.294799" level="INFO">Successfully opened URL http://localhost:3000/login</msg>
<arg>http://localhost:3000/login</arg>
<tag>BrowserControl</tag>
<tag>Setter</tag>
<doc>Navigates to the given ``url``.</doc>
<status status="PASS" start="2025-03-13T21:56:21.193175" elapsed="0.101624"/>
</kw>
<status status="PASS" start="2025-03-13T21:56:21.192176" elapsed="0.102623"/>
</kw>
<kw name="Submit login form" owner="Login">
<kw name="Fill Text" owner="Browser">
<msg time="2025-03-13T21:56:21.296813" level="INFO">Fills the text 'sac@smartbit.com' in the given field.</msg>
<arg>css=input[name=email]</arg>
<arg>${email}</arg>
<tag>PageContent</tag>
<tag>Setter</tag>
<doc>Clears and fills the given ``txt`` into the text field found by ``selector``.</doc>
<status status="PASS" start="2025-03-13T21:56:21.295800" elapsed="0.046971"/>
</kw>
<kw name="Fill Text" owner="Browser">
<msg time="2025-03-13T21:56:21.343770" level="INFO">Fills the text 'pwd123' in the given field.</msg>
<arg>css=input[name=password]</arg>
<arg>${password}</arg>
<tag>PageContent</tag>
<tag>Setter</tag>
<doc>Clears and fills the given ``txt`` into the text field found by ``selector``.</doc>
<status status="PASS" start="2025-03-13T21:56:21.342771" elapsed="0.015992"/>
</kw>
<kw name="Click" owner="Browser">
<msg time="2025-03-13T21:56:21.359762" level="INFO">Clicks the element 'css=button &gt;&gt; text=Entrar'.</msg>
<arg>css=button &gt;&gt; text=Entrar</arg>
<tag>PageContent</tag>
<tag>Setter</tag>
<doc>Simulates mouse click on the element found by ``selector``.</doc>
<status status="PASS" start="2025-03-13T21:56:21.359762" elapsed="0.060965"/>
</kw>
<arg>sac@smartbit.com</arg>
<arg>pwd123</arg>
<status status="PASS" start="2025-03-13T21:56:21.295800" elapsed="0.124927"/>
</kw>
<kw name="User is logged in" owner="Account">
<kw name="Set Variable" owner="BuiltIn">
<msg time="2025-03-13T21:56:21.421726" level="INFO">${element} = css=.logged-user</msg>
<var>${element}</var>
<arg>css=.logged-user</arg>
<doc>Returns the given values which can then be assigned to a variables.</doc>
<status status="PASS" start="2025-03-13T21:56:21.421726" elapsed="0.000000"/>
</kw>
<kw name="Wait For Elements State" owner="Browser">
<msg time="2025-03-13T21:56:23.776444" level="INFO">Waited for Element with selector css=.logged-user at state visible</msg>
<arg>${element}</arg>
<arg>visible</arg>
<arg>5</arg>
<tag>PageContent</tag>
<tag>Wait</tag>
<doc>Waits for the element found by ``selector`` to satisfy state option.</doc>
<status status="PASS" start="2025-03-13T21:56:21.422725" elapsed="2.354736"/>
</kw>
<kw name="Get Text" owner="Browser">
<msg time="2025-03-13T21:56:23.830413" level="INFO">Text: 'sac@smartbit.com'</msg>
<arg>${element}</arg>
<arg>equal</arg>
<arg>${email}</arg>
<tag>Assertion</tag>
<tag>Getter</tag>
<tag>PageContent</tag>
<doc>Returns text attribute of the element found by ``selector``.</doc>
<status status="PASS" start="2025-03-13T21:56:23.777461" elapsed="0.052952"/>
</kw>
<arg>sac@smartbit.com</arg>
<status status="PASS" start="2025-03-13T21:56:21.420727" elapsed="2.409686"/>
</kw>
<kw name="Go to Erolls">
<kw name="Click" owner="Browser">
<msg time="2025-03-13T21:56:23.832412" level="INFO">Clicks the element 'css=a[href="/memberships"]'.</msg>
<arg>css=a[href="/memberships"]</arg>
<tag>PageContent</tag>
<tag>Setter</tag>
<doc>Simulates mouse click on the element found by ``selector``.</doc>
<status status="PASS" start="2025-03-13T21:56:23.832412" elapsed="0.043016"/>
</kw>
<kw name="Wait For Elements State" owner="Browser">
<msg time="2025-03-13T21:56:23.884423" level="INFO">Waited for Element with selector css=h1 &gt;&gt; text=Matrículas at state visible</msg>
<arg>css=h1 &gt;&gt; text=Matrículas</arg>
<arg>visible</arg>
<arg>5</arg>
<tag>PageContent</tag>
<tag>Wait</tag>
<doc>Waits for the element found by ``selector`` to satisfy state option.</doc>
<status status="PASS" start="2025-03-13T21:56:23.876427" elapsed="0.007996"/>
</kw>
<status status="PASS" start="2025-03-13T21:56:23.831413" elapsed="0.053010"/>
</kw>
<kw name="Take Screenshot" owner="Browser" type="TEARDOWN">
<msg time="2025-03-13T21:56:23.994796" level="INFO" html="true">&lt;/td&gt;&lt;/tr&gt;&lt;tr&gt;&lt;td colspan="3"&gt;&lt;a href="browser/screenshot/robotframework-browser-screenshot-1.png" target="_blank"&gt;&lt;img src="browser/screenshot/robotframework-browser-screenshot-1.png" width="800px"/&gt;&lt;/a&gt;</msg>
<tag>PageContent</tag>
<doc>Takes a screenshot of the current window or element and saves it to disk.</doc>
<status status="PASS" start="2025-03-13T21:56:23.885423" elapsed="0.109373"/>
</kw>
<msg time="2025-03-13T21:56:23.998793" level="INFO">Set timeout to: 10000</msg>
<msg time="2025-03-13T21:56:24.013799" level="INFO">Switching context to context=16794003-3bf9-442d-ad4a-6c47a4064db3 in CURRENT</msg>
<msg time="2025-03-13T21:56:24.041768" level="INFO">Successfully changed active context: context=16794003-3bf9-442d-ad4a-6c47a4064db3</msg>
<msg time="2025-03-13T21:56:24.096737" level="INFO">Successfully closed Context</msg>
<status status="PASS" start="2025-03-13T21:56:16.317556" elapsed="7.678239"/>
</test>
<status status="PASS" start="2025-03-13T21:56:15.480802" elapsed="8.629927"/>
</suite>
<statistics>
<total>
<stat pass="1" fail="0" skip="0">All Tests</stat>
</total>
<tag>
</tag>
<suite>
<stat name="Enrolls" id="s1" pass="1" fail="0" skip="0">Enrolls</stat>
</suite>
</statistics>
<errors>
</errors>
</robot>
